Сборка начата 21.06.2017 3:51:31.
     1>Проект "C:\Users\olga_\Desktop\Учеба\Практикум по М.М. и С.М\лр3\WindowsFormApp3\WindowsFormApp3\WindowsFormApp3.vcxproj" в узле 2 (целевые объекты Build).
     1>ClCompile:
         C:\Program Files (x86)\Microsoft Visual Studio 12.0\VC\bin\CL.exe /c /AI"C:\Program Files (x86)\Reference Assemblies\Microsoft\Framework\.NETFramework\v4.5\\" /AI"C:\Program Files (x86)\Windows Kits\8.1\References\CommonConfiguration\Neutral" /AI"C:\Program Files (x86)\Reference Assemblies\Microsoft\Framework\.NETFramework\v4.5\Facades\\" /Zi /clr /nologo /W3 /WX- /Od /Oy- /D WIN32 /D _DEBUG /D _UNICODE /D UNICODE /EHa /MDd /GS /fp:precise /Zc:wchar_t /Zc:forScope /Fo"Debug\\" /Fd"Debug\vc120.pdb" /TP /FU"C:\Program Files (x86)\Reference Assemblies\Microsoft\Framework\.NETFramework\v4.5\mscorlib.dll" /FU"C:\Program Files (x86)\Reference Assemblies\Microsoft\Framework\.NETFramework\v4.5\System.Data.dll" /FU"C:\Program Files (x86)\Reference Assemblies\Microsoft\Framework\.NETFramework\v4.5\System.dll" /FU"C:\Program Files (x86)\Reference Assemblies\Microsoft\Framework\.NETFramework\v4.5\System.Drawing.dll" /FU"C:\Program Files (x86)\Reference Assemblies\Microsoft\Framework\.NETFramework\v4.5\System.Windows.Forms.DataVisualization.dll" /FU"C:\Program Files (x86)\Reference Assemblies\Microsoft\Framework\.NETFramework\v4.5\System.Windows.Forms.dll" /FU"C:\Program Files (x86)\Reference Assemblies\Microsoft\Framework\.NETFramework\v4.5\System.Xml.dll" /analyze- /errorReport:prompt /clr:nostdlib MyForm.cpp
         MyForm.cpp
     1>c:\users\olga_\desktop\учеба\практикум по м.м. и с.м\лр3\windowsformapp3\windowsformapp3\MyForm.h(753): warning C4244: аргумент: преобразование "double" в "const alglib::ae_int_t", возможна потеря данных
       Link:
         C:\Program Files (x86)\Microsoft Visual Studio 12.0\VC\bin\link.exe /ERRORREPORT:PROMPT /OUT:"C:\Users\olga_\Desktop\Учеба\Практикум по М.М. и С.М\лр3\WindowsFormApp3\Debug\WindowsFormApp3.exe" /INCREMENTAL /NOLOGO kernel32.lib user32.lib gdi32.lib winspool.lib comdlg32.lib advapi32.lib shell32.lib ole32.lib oleaut32.lib uuid.lib odbc32.lib odbccp32.lib kernel32.lib user32.lib gdi32.lib winspool.lib comdlg32.lib advapi32.lib shell32.lib ole32.lib oleaut32.lib uuid.lib odbc32.lib odbccp32.lib /ASSEMBLYRESOURCE:Debug\WindowsFormApp3.MyForm.resources /MANIFEST /MANIFESTUAC:"level='asInvoker' uiAccess='false'" /manifest:embed /DEBUG /PDB:"C:\Users\olga_\Desktop\Учеба\Практикум по М.М. и С.М\лр3\WindowsFormApp3\Debug\WindowsFormApp3.pdb" /ASSEMBLYDEBUG /SUBSYSTEM:WINDOWS /TLBID:1 /ENTRY:"main" /DYNAMICBASE /FIXED:NO /NXCOMPAT /MACHINE:X86 Debug\alglibinternal.obj
         Debug\alglibmisc.obj
         Debug\ap.obj
         Debug\dataanalysis.obj
         Debug\diffequations.obj
         Debug\fasttransforms.obj
         Debug\integration.obj
         Debug\interpolation.obj
         Debug\linalg.obj
         Debug\MyForm.obj
         Debug\optimization.obj
         Debug\solvers.obj
         Debug\specialfunctions.obj
         Debug\statistics.obj
         "Debug\.NETFramework,Version=v4.5.AssemblyAttributes.obj"
         WindowsFormApp3.vcxproj -> C:\Users\olga_\Desktop\Учеба\Практикум по М.М. и С.М\лр3\WindowsFormApp3\Debug\WindowsFormApp3.exe
     1>Сборка проекта "C:\Users\olga_\Desktop\Учеба\Практикум по М.М. и С.М\лр3\WindowsFormApp3\WindowsFormApp3\WindowsFormApp3.vcxproj" завершена (целевые объекты Build).

Сборка успешно завершена.

Затраченное время: 00:00:03.08
