c:\users\артем\desktop\практикум\windowsformapp3 - копия - копия - копия\windowsformapp3\windowsformapp3\debug\vc120.pdb
c:\users\артем\desktop\практикум\windowsformapp3 - копия - копия - копия\windowsformapp3\windowsformapp3\debug\statistics.obj
c:\users\артем\desktop\практикум\windowsformapp3 - копия - копия - копия\windowsformapp3\windowsformapp3\debug\specialfunctions.obj
c:\users\артем\desktop\практикум\windowsformapp3 - копия - копия - копия\windowsformapp3\windowsformapp3\debug\solvers.obj
c:\users\артем\desktop\практикум\windowsformapp3 - копия - копия - копия\windowsformapp3\windowsformapp3\debug\optimization.obj
c:\users\артем\desktop\практикум\windowsformapp3 - копия - копия - копия\windowsformapp3\windowsformapp3\debug\linalg.obj
c:\users\артем\desktop\практикум\windowsformapp3 - копия - копия - копия\windowsformapp3\windowsformapp3\debug\interpolation.obj
c:\users\артем\desktop\практикум\windowsformapp3 - копия - копия - копия\windowsformapp3\windowsformapp3\debug\integration.obj
c:\users\артем\desktop\практикум\windowsformapp3 - копия - копия - копия\windowsformapp3\windowsformapp3\debug\fasttransforms.obj
c:\users\артем\desktop\практикум\windowsformapp3 - копия - копия - копия\windowsformapp3\windowsformapp3\debug\diffequations.obj
c:\users\артем\desktop\практикум\windowsformapp3 - копия - копия - копия\windowsformapp3\windowsformapp3\debug\dataanalysis.obj
c:\users\артем\desktop\практикум\windowsformapp3 - копия - копия - копия\windowsformapp3\windowsformapp3\debug\ap.obj
c:\users\артем\desktop\практикум\windowsformapp3 - копия - копия - копия\windowsformapp3\windowsformapp3\debug\alglibmisc.obj
c:\users\артем\desktop\практикум\windowsformapp3 - копия - копия - копия\windowsformapp3\windowsformapp3\debug\alglibinternal.obj
c:\users\артем\desktop\практикум\windowsformapp3 - копия - копия - копия\windowsformapp3\windowsformapp3\debug\myform.obj
c:\users\артем\desktop\практикум\windowsformapp3 - копия - копия - копия\windowsformapp3\windowsformapp3\debug\.netframework,version=v4.5.assemblyattributes.obj
c:\users\артем\desktop\практикум\windowsformapp3 - копия - копия - копия\windowsformapp3\debug\windowsformapp3.exe
c:\users\артем\desktop\практикум\windowsformapp3 - копия - копия - копия\windowsformapp3\debug\windowsformapp3.pdb
c:\users\артем\desktop\практикум\windowsformapp3 - копия - копия - копия\windowsformapp3\windowsformapp3\debug\windowsformapp3.myform.resources
c:\users\артем\desktop\практикум\windowsformapp3 - копия - копия - копия\windowsformapp3\windowsformapp3\debug\windowsformapp3.vcxproj.generateresource.cache
c:\users\артем\desktop\практикум\windowsformapp3 - копия - копия - копия\windowsformapp3\windowsformapp3\debug\windowsformapp3.vcxprojresolveassemblyreference.cache
c:\users\артем\desktop\практикум\windowsformapp3 - копия - копия - копия\windowsformapp3\windowsformapp3\debug\windowsformapp3.tlog\cl.command.1.tlog
c:\users\артем\desktop\практикум\windowsformapp3 - копия - копия - копия\windowsformapp3\windowsformapp3\debug\windowsformapp3.tlog\cl.read.1.tlog
c:\users\артем\desktop\практикум\windowsformapp3 - копия - копия - копия\windowsformapp3\windowsformapp3\debug\windowsformapp3.tlog\cl.write.1.tlog
c:\users\артем\desktop\практикум\windowsformapp3 - копия - копия - копия\windowsformapp3\windowsformapp3\debug\windowsformapp3.tlog\link.command.1.tlog
c:\users\артем\desktop\практикум\windowsformapp3 - копия - копия - копия\windowsformapp3\windowsformapp3\debug\windowsformapp3.tlog\link.read.1.tlog
c:\users\артем\desktop\практикум\windowsformapp3 - копия - копия - копия\windowsformapp3\windowsformapp3\debug\windowsformapp3.tlog\link.write.1.tlog
c:\users\артем\desktop\практикум\windowsformapp3 - копия - копия - копия\windowsformapp3\windowsformapp3\debug\windowsformapp3.tlog\metagen.read.1.tlog
c:\users\артем\desktop\практикум\windowsformapp3 - копия - копия - копия\windowsformapp3\windowsformapp3\debug\windowsformapp3.tlog\metagen.write.1.tlog
c:\users\артем\desktop\практикум\windowsformapp3 - копия - копия - копия\windowsformapp3\windowsformapp3\debug\windowsformapp3.tlog\windowsformapp3.write.1u.tlog
c:\users\артем\desktop\практикум\windowsformapp3 - копия - копия - копия\windowsformapp3\windowsformapp3\debug\windowsformapp3.tlog\tzres.dll.bi
